  Camera.cpp
  DirectionalLight.cpp
  Light.cpp
C:\Users\jack1\OneDrive\Desktop\320229594_PROYECTOFINALTEORIA2026-1_GPO05\ProyectoFinal\DirectionalLight.cpp(18,14): warning C4244: 'argumento': conversión de 'GLfloat' a 'GLint'; posible pérdida de datos
C:\Users\jack1\OneDrive\Desktop\320229594_PROYECTOFINALTEORIA2026-1_GPO05\ProyectoFinal\DirectionalLight.cpp(19,14): warning C4244: 'argumento': conversión de 'GLfloat' a 'GLint'; posible pérdida de datos
C:\Users\jack1\OneDrive\Desktop\320229594_PROYECTOFINALTEORIA2026-1_GPO05\ProyectoFinal\DirectionalLight.cpp(21,14): warning C4244: 'argumento': conversión de 'GLfloat' a 'GLint'; posible pérdida de datos
C:\Users\jack1\OneDrive\Desktop\320229594_PROYECTOFINALTEORIA2026-1_GPO05\ProyectoFinal\DirectionalLight.cpp(22,14): warning C4244: 'argumento': conversión de 'GLfloat' a 'GLint'; posible pérdida de datos
  Material.cpp
  Mesh_tn.cpp
  Model.cpp
C:\Users\jack1\OneDrive\Desktop\320229594_PROYECTOFINALTEORIA2026-1_GPO05\ProyectoFinal\Model.cpp(17,88): warning C4474: "printf": se pasaron demasiados argumentos para la cadena de formato
      C:\Users\jack1\OneDrive\Desktop\320229594_PROYECTOFINALTEORIA2026-1_GPO05\ProyectoFinal\Model.cpp(17,88):
      los marcadores de posición y sus parámetros esperan 1 argumentos variádicos, pero se proporcionaron 2
  
C:\Users\jack1\OneDrive\Desktop\320229594_PROYECTOFINALTEORIA2026-1_GPO05\ProyectoFinal\Model.cpp(52,7): warning C4804: '<': uso no seguro del tipo 'bool' en la operación
C:\Users\jack1\OneDrive\Desktop\320229594_PROYECTOFINALTEORIA2026-1_GPO05\ProyectoFinal\Model.cpp(111,78): warning C4267: 'argumento': conversión de 'size_t' a 'unsigned int'; posible pérdida de datos
C:\Users\jack1\OneDrive\Desktop\320229594_PROYECTOFINALTEORIA2026-1_GPO05\ProyectoFinal\Model.cpp(111,62): warning C4267: 'argumento': conversión de 'size_t' a 'unsigned int'; posible pérdida de datos
C:\Users\jack1\OneDrive\Desktop\320229594_PROYECTOFINALTEORIA2026-1_GPO05\ProyectoFinal\Model.cpp(133,40): warning C4267: '=': conversión de 'size_t' a 'int'; posible pérdida de datos
C:\Users\jack1\OneDrive\Desktop\320229594_PROYECTOFINALTEORIA2026-1_GPO05\ProyectoFinal\Model.cpp(142,40): warning C4267: '=': conversión de 'size_t' a 'int'; posible pérdida de datos
  PFinal.cpp
C:\Users\jack1\OneDrive\Desktop\320229594_PROYECTOFINALTEORIA2026-1_GPO05\ProyectoFinal\Window.h(12,36): warning C4244: 'return': conversión de 'GLint' a 'GLfloat'; posible pérdida de datos
  (compilando archivo de origen "PFinal.cpp")
  
C:\Users\jack1\OneDrive\Desktop\320229594_PROYECTOFINALTEORIA2026-1_GPO05\ProyectoFinal\Window.h(13,37): warning C4244: 'return': conversión de 'GLint' a 'GLfloat'; posible pérdida de datos
  (compilando archivo de origen "PFinal.cpp")
  
C:\Users\jack1\OneDrive\Desktop\320229594_PROYECTOFINALTEORIA2026-1_GPO05\ProyectoFinal\PFinal.cpp(173,24): warning C4267: 'inicializando': conversión de 'size_t' a 'unsigned int'; posible pérdida de datos
C:\Users\jack1\OneDrive\Desktop\320229594_PROYECTOFINALTEORIA2026-1_GPO05\ProyectoFinal\PFinal.cpp(314,36): warning C4305: 'inicializando': truncamiento de 'double' a 'float'
C:\Users\jack1\OneDrive\Desktop\320229594_PROYECTOFINALTEORIA2026-1_GPO05\ProyectoFinal\PFinal.cpp(640,15): warning C4244: 'inicializando': conversión de 'double' a 'GLfloat'; posible pérdida de datos
C:\Users\jack1\OneDrive\Desktop\320229594_PROYECTOFINALTEORIA2026-1_GPO05\ProyectoFinal\PFinal.cpp(642,33): warning C4244: '+=': conversión de 'double' a 'GLfloat'; posible pérdida de datos
C:\Users\jack1\OneDrive\Desktop\320229594_PROYECTOFINALTEORIA2026-1_GPO05\ProyectoFinal\PFinal.cpp(893,27): warning C4305: '+=': truncamiento de 'double' a 'float'
C:\Users\jack1\OneDrive\Desktop\320229594_PROYECTOFINALTEORIA2026-1_GPO05\ProyectoFinal\PFinal.cpp(906,21): warning C4305: '=': truncamiento de 'double' a 'float'
C:\Users\jack1\OneDrive\Desktop\320229594_PROYECTOFINALTEORIA2026-1_GPO05\ProyectoFinal\PFinal.cpp(911,21): warning C4305: '=': truncamiento de 'double' a 'float'
C:\Users\jack1\OneDrive\Desktop\320229594_PROYECTOFINALTEORIA2026-1_GPO05\ProyectoFinal\PFinal.cpp(916,22): warning C4305: '-=': truncamiento de 'double' a 'float'
C:\Users\jack1\OneDrive\Desktop\320229594_PROYECTOFINALTEORIA2026-1_GPO05\ProyectoFinal\PFinal.cpp(920,28): warning C4305: '+=': truncamiento de 'double' a 'float'
  PointLight.cpp
C:\Users\jack1\OneDrive\Desktop\320229594_PROYECTOFINALTEORIA2026-1_GPO05\ProyectoFinal\PointLight.cpp(28,14): warning C4244: 'argumento': conversión de 'GLfloat' a 'GLint'; posible pérdida de datos
C:\Users\jack1\OneDrive\Desktop\320229594_PROYECTOFINALTEORIA2026-1_GPO05\ProyectoFinal\PointLight.cpp(29,14): warning C4244: 'argumento': conversión de 'GLfloat' a 'GLint'; posible pérdida de datos
C:\Users\jack1\OneDrive\Desktop\320229594_PROYECTOFINALTEORIA2026-1_GPO05\ProyectoFinal\PointLight.cpp(30,14): warning C4244: 'argumento': conversión de 'GLfloat' a 'GLint'; posible pérdida de datos
C:\Users\jack1\OneDrive\Desktop\320229594_PROYECTOFINALTEORIA2026-1_GPO05\ProyectoFinal\PointLight.cpp(32,14): warning C4244: 'argumento': conversión de 'GLfloat' a 'GLint'; posible pérdida de datos
C:\Users\jack1\OneDrive\Desktop\320229594_PROYECTOFINALTEORIA2026-1_GPO05\ProyectoFinal\PointLight.cpp(33,14): warning C4244: 'argumento': conversión de 'GLfloat' a 'GLint'; posible pérdida de datos
C:\Users\jack1\OneDrive\Desktop\320229594_PROYECTOFINALTEORIA2026-1_GPO05\ProyectoFinal\PointLight.cpp(34,14): warning C4244: 'argumento': conversión de 'GLfloat' a 'GLint'; posible pérdida de datos
C:\Users\jack1\OneDrive\Desktop\320229594_PROYECTOFINALTEORIA2026-1_GPO05\ProyectoFinal\PointLight.cpp(35,14): warning C4244: 'argumento': conversión de 'GLfloat' a 'GLint'; posible pérdida de datos
  Shader_light.cpp
C:\Users\jack1\OneDrive\Desktop\320229594_PROYECTOFINALTEORIA2026-1_GPO05\ProyectoFinal\Shader_light.cpp(103,38): warning C4477: 'snprintf' : la cadena de formato '%d' requiere un argumento de tipo 'int', pero el argumento variádico 1 tiene el tipo 'size_t'
      C:\Users\jack1\OneDrive\Desktop\320229594_PROYECTOFINALTEORIA2026-1_GPO05\ProyectoFinal\Shader_light.cpp(103,38):
      considere el uso de ' %zd' en la cadena de formato
  
C:\Users\jack1\OneDrive\Desktop\320229594_PROYECTOFINALTEORIA2026-1_GPO05\ProyectoFinal\Shader_light.cpp(106,38): warning C4477: 'snprintf' : la cadena de formato '%d' requiere un argumento de tipo 'int', pero el argumento variádico 1 tiene el tipo 'size_t'
      C:\Users\jack1\OneDrive\Desktop\320229594_PROYECTOFINALTEORIA2026-1_GPO05\ProyectoFinal\Shader_light.cpp(106,38):
      considere el uso de ' %zd' en la cadena de formato
  
C:\Users\jack1\OneDrive\Desktop\320229594_PROYECTOFINALTEORIA2026-1_GPO05\ProyectoFinal\Shader_light.cpp(109,38): warning C4477: 'snprintf' : la cadena de formato '%d' requiere un argumento de tipo 'int', pero el argumento variádico 1 tiene el tipo 'size_t'
      C:\Users\jack1\OneDrive\Desktop\320229594_PROYECTOFINALTEORIA2026-1_GPO05\ProyectoFinal\Shader_light.cpp(109,38):
      considere el uso de ' %zd' en la cadena de formato
  
C:\Users\jack1\OneDrive\Desktop\320229594_PROYECTOFINALTEORIA2026-1_GPO05\ProyectoFinal\Shader_light.cpp(112,38): warning C4477: 'snprintf' : la cadena de formato '%d' requiere un argumento de tipo 'int', pero el argumento variádico 1 tiene el tipo 'size_t'
      C:\Users\jack1\OneDrive\Desktop\320229594_PROYECTOFINALTEORIA2026-1_GPO05\ProyectoFinal\Shader_light.cpp(112,38):
      considere el uso de ' %zd' en la cadena de formato
  
C:\Users\jack1\OneDrive\Desktop\320229594_PROYECTOFINALTEORIA2026-1_GPO05\ProyectoFinal\Shader_light.cpp(115,38): warning C4477: 'snprintf' : la cadena de formato '%d' requiere un argumento de tipo 'int', pero el argumento variádico 1 tiene el tipo 'size_t'
      C:\Users\jack1\OneDrive\Desktop\320229594_PROYECTOFINALTEORIA2026-1_GPO05\ProyectoFinal\Shader_light.cpp(115,38):
      considere el uso de ' %zd' en la cadena de formato
  
C:\Users\jack1\OneDrive\Desktop\320229594_PROYECTOFINALTEORIA2026-1_GPO05\ProyectoFinal\Shader_light.cpp(118,38): warning C4477: 'snprintf' : la cadena de formato '%d' requiere un argumento de tipo 'int', pero el argumento variádico 1 tiene el tipo 'size_t'
      C:\Users\jack1\OneDrive\Desktop\320229594_PROYECTOFINALTEORIA2026-1_GPO05\ProyectoFinal\Shader_light.cpp(118,38):
      considere el uso de ' %zd' en la cadena de formato
  
C:\Users\jack1\OneDrive\Desktop\320229594_PROYECTOFINALTEORIA2026-1_GPO05\ProyectoFinal\Shader_light.cpp(121,38): warning C4477: 'snprintf' : la cadena de formato '%d' requiere un argumento de tipo 'int', pero el argumento variádico 1 tiene el tipo 'size_t'
      C:\Users\jack1\OneDrive\Desktop\320229594_PROYECTOFINALTEORIA2026-1_GPO05\ProyectoFinal\Shader_light.cpp(121,38):
      considere el uso de ' %zd' en la cadena de formato
  
C:\Users\jack1\OneDrive\Desktop\320229594_PROYECTOFINALTEORIA2026-1_GPO05\ProyectoFinal\Shader_light.cpp(131,38): warning C4477: 'snprintf' : la cadena de formato '%d' requiere un argumento de tipo 'int', pero el argumento variádico 1 tiene el tipo 'size_t'
      C:\Users\jack1\OneDrive\Desktop\320229594_PROYECTOFINALTEORIA2026-1_GPO05\ProyectoFinal\Shader_light.cpp(131,38):
      considere el uso de ' %zd' en la cadena de formato
  
C:\Users\jack1\OneDrive\Desktop\320229594_PROYECTOFINALTEORIA2026-1_GPO05\ProyectoFinal\Shader_light.cpp(134,38): warning C4477: 'snprintf' : la cadena de formato '%d' requiere un argumento de tipo 'int', pero el argumento variádico 1 tiene el tipo 'size_t'
      C:\Users\jack1\OneDrive\Desktop\320229594_PROYECTOFINALTEORIA2026-1_GPO05\ProyectoFinal\Shader_light.cpp(134,38):
      considere el uso de ' %zd' en la cadena de formato
  
C:\Users\jack1\OneDrive\Desktop\320229594_PROYECTOFINALTEORIA2026-1_GPO05\ProyectoFinal\Shader_light.cpp(137,38): warning C4477: 'snprintf' : la cadena de formato '%d' requiere un argumento de tipo 'int', pero el argumento variádico 1 tiene el tipo 'size_t'
      C:\Users\jack1\OneDrive\Desktop\320229594_PROYECTOFINALTEORIA2026-1_GPO05\ProyectoFinal\Shader_light.cpp(137,38):
      considere el uso de ' %zd' en la cadena de formato
  
C:\Users\jack1\OneDrive\Desktop\320229594_PROYECTOFINALTEORIA2026-1_GPO05\ProyectoFinal\Shader_light.cpp(140,38): warning C4477: 'snprintf' : la cadena de formato '%d' requiere un argumento de tipo 'int', pero el argumento variádico 1 tiene el tipo 'size_t'
      C:\Users\jack1\OneDrive\Desktop\320229594_PROYECTOFINALTEORIA2026-1_GPO05\ProyectoFinal\Shader_light.cpp(140,38):
      considere el uso de ' %zd' en la cadena de formato
  
C:\Users\jack1\OneDrive\Desktop\320229594_PROYECTOFINALTEORIA2026-1_GPO05\ProyectoFinal\Shader_light.cpp(143,38): warning C4477: 'snprintf' : la cadena de formato '%d' requiere un argumento de tipo 'int', pero el argumento variádico 1 tiene el tipo 'size_t'
      C:\Users\jack1\OneDrive\Desktop\320229594_PROYECTOFINALTEORIA2026-1_GPO05\ProyectoFinal\Shader_light.cpp(143,38):
      considere el uso de ' %zd' en la cadena de formato
  
C:\Users\jack1\OneDrive\Desktop\320229594_PROYECTOFINALTEORIA2026-1_GPO05\ProyectoFinal\Shader_light.cpp(146,38): warning C4477: 'snprintf' : la cadena de formato '%d' requiere un argumento de tipo 'int', pero el argumento variádico 1 tiene el tipo 'size_t'
      C:\Users\jack1\OneDrive\Desktop\320229594_PROYECTOFINALTEORIA2026-1_GPO05\ProyectoFinal\Shader_light.cpp(146,38):
      considere el uso de ' %zd' en la cadena de formato
  
C:\Users\jack1\OneDrive\Desktop\320229594_PROYECTOFINALTEORIA2026-1_GPO05\ProyectoFinal\Shader_light.cpp(149,38): warning C4477: 'snprintf' : la cadena de formato '%d' requiere un argumento de tipo 'int', pero el argumento variádico 1 tiene el tipo 'size_t'
      C:\Users\jack1\OneDrive\Desktop\320229594_PROYECTOFINALTEORIA2026-1_GPO05\ProyectoFinal\Shader_light.cpp(149,38):
      considere el uso de ' %zd' en la cadena de formato
  
C:\Users\jack1\OneDrive\Desktop\320229594_PROYECTOFINALTEORIA2026-1_GPO05\ProyectoFinal\Shader_light.cpp(152,38): warning C4477: 'snprintf' : la cadena de formato '%d' requiere un argumento de tipo 'int', pero el argumento variádico 1 tiene el tipo 'size_t'
      C:\Users\jack1\OneDrive\Desktop\320229594_PROYECTOFINALTEORIA2026-1_GPO05\ProyectoFinal\Shader_light.cpp(152,38):
      considere el uso de ' %zd' en la cadena de formato
  
C:\Users\jack1\OneDrive\Desktop\320229594_PROYECTOFINALTEORIA2026-1_GPO05\ProyectoFinal\Shader_light.cpp(155,38): warning C4477: 'snprintf' : la cadena de formato '%d' requiere un argumento de tipo 'int', pero el argumento variádico 1 tiene el tipo 'size_t'
      C:\Users\jack1\OneDrive\Desktop\320229594_PROYECTOFINALTEORIA2026-1_GPO05\ProyectoFinal\Shader_light.cpp(155,38):
      considere el uso de ' %zd' en la cadena de formato
  
C:\Users\jack1\OneDrive\Desktop\320229594_PROYECTOFINALTEORIA2026-1_GPO05\ProyectoFinal\Shader_light.cpp(215,75): warning C4244: 'argumento': conversión de 'GLuint' a 'GLfloat'; posible pérdida de datos
C:\Users\jack1\OneDrive\Desktop\320229594_PROYECTOFINALTEORIA2026-1_GPO05\ProyectoFinal\Shader_light.cpp(215,26): warning C4244: 'argumento': conversión de 'GLuint' a 'GLfloat'; posible pérdida de datos
C:\Users\jack1\OneDrive\Desktop\320229594_PROYECTOFINALTEORIA2026-1_GPO05\ProyectoFinal\Shader_light.cpp(214,91): warning C4244: 'argumento': conversión de 'GLuint' a 'GLfloat'; posible pérdida de datos
C:\Users\jack1\OneDrive\Desktop\320229594_PROYECTOFINALTEORIA2026-1_GPO05\ProyectoFinal\Shader_light.cpp(214,42): warning C4244: 'argumento': conversión de 'GLuint' a 'GLfloat'; posible pérdida de datos
C:\Users\jack1\OneDrive\Desktop\320229594_PROYECTOFINALTEORIA2026-1_GPO05\ProyectoFinal\Shader_light.cpp(228,98): warning C4244: 'argumento': conversión de 'GLuint' a 'GLfloat'; posible pérdida de datos
C:\Users\jack1\OneDrive\Desktop\320229594_PROYECTOFINALTEORIA2026-1_GPO05\ProyectoFinal\Shader_light.cpp(228,62): warning C4244: 'argumento': conversión de 'GLuint' a 'GLfloat'; posible pérdida de datos
C:\Users\jack1\OneDrive\Desktop\320229594_PROYECTOFINALTEORIA2026-1_GPO05\ProyectoFinal\Shader_light.cpp(228,24): warning C4244: 'argumento': conversión de 'GLuint' a 'GLfloat'; posible pérdida de datos
C:\Users\jack1\OneDrive\Desktop\320229594_PROYECTOFINALTEORIA2026-1_GPO05\ProyectoFinal\Shader_light.cpp(227,70): warning C4244: 'argumento': conversión de 'GLuint' a 'GLfloat'; posible pérdida de datos
C:\Users\jack1\OneDrive\Desktop\320229594_PROYECTOFINALTEORIA2026-1_GPO05\ProyectoFinal\Shader_light.cpp(227,24): warning C4244: 'argumento': conversión de 'GLuint' a 'GLfloat'; posible pérdida de datos
C:\Users\jack1\OneDrive\Desktop\320229594_PROYECTOFINALTEORIA2026-1_GPO05\ProyectoFinal\Shader_light.cpp(226,88): warning C4244: 'argumento': conversión de 'GLuint' a 'GLfloat'; posible pérdida de datos
C:\Users\jack1\OneDrive\Desktop\320229594_PROYECTOFINALTEORIA2026-1_GPO05\ProyectoFinal\Shader_light.cpp(226,42): warning C4244: 'argumento': conversión de 'GLuint' a 'GLfloat'; posible pérdida de datos
C:\Users\jack1\OneDrive\Desktop\320229594_PROYECTOFINALTEORIA2026-1_GPO05\ProyectoFinal\Shader_light.cpp(278,24): warning C4267: '=': conversión de 'size_t' a 'GLint'; posible pérdida de datos
  Skybox.cpp
C:\Users\jack1\OneDrive\Desktop\320229594_PROYECTOFINALTEORIA2026-1_GPO05\ProyectoFinal\Skybox.cpp(30,47): warning C4267: 'argumento': conversión de 'size_t' a 'GLenum'; posible pérdida de datos
  Sphere.cpp
C:\Users\jack1\OneDrive\Desktop\320229594_PROYECTOFINALTEORIA2026-1_GPO05\ProyectoFinal\Sphere.cpp(39,13): warning C4244: 'inicializando': conversión de 'double' a 'float'; posible pérdida de datos
C:\Users\jack1\OneDrive\Desktop\320229594_PROYECTOFINALTEORIA2026-1_GPO05\ProyectoFinal\Sphere.cpp(43,16): warning C4244: 'inicializando': conversión de 'double' a 'float'; posible pérdida de datos
C:\Users\jack1\OneDrive\Desktop\320229594_PROYECTOFINALTEORIA2026-1_GPO05\ProyectoFinal\Sphere.cpp(91,50): warning C4267: 'argumento': conversión de 'size_t' a 'GLsizei'; posible pérdida de datos
C:\Users\jack1\OneDrive\Desktop\320229594_PROYECTOFINALTEORIA2026-1_GPO05\ProyectoFinal\Sphere.cpp(94,51): warning C4267: 'argumento': conversión de 'size_t' a 'GLsizei'; posible pérdida de datos
C:\Users\jack1\OneDrive\Desktop\320229594_PROYECTOFINALTEORIA2026-1_GPO05\ProyectoFinal\Sphere.cpp(98,50): warning C4267: 'argumento': conversión de 'size_t' a 'GLsizei'; posible pérdida de datos
C:\Users\jack1\OneDrive\Desktop\320229594_PROYECTOFINALTEORIA2026-1_GPO05\ProyectoFinal\Sphere.cpp(108,42): warning C4267: 'argumento': conversión de 'size_t' a 'GLsizei'; posible pérdida de datos
  SpotLight.cpp
  Texture.cpp
  Window.cpp
C:\Users\jack1\OneDrive\Desktop\320229594_PROYECTOFINALTEORIA2026-1_GPO05\ProyectoFinal\Window.h(12,36): warning C4244: 'return': conversión de 'GLint' a 'GLfloat'; posible pérdida de datos
  (compilando archivo de origen "Window.cpp")
  
C:\Users\jack1\OneDrive\Desktop\320229594_PROYECTOFINALTEORIA2026-1_GPO05\ProyectoFinal\Window.h(13,37): warning C4244: 'return': conversión de 'GLint' a 'GLfloat'; posible pérdida de datos
  (compilando archivo de origen "Window.cpp")
  
C:\Users\jack1\OneDrive\Desktop\320229594_PROYECTOFINALTEORIA2026-1_GPO05\ProyectoFinal\Window.cpp(150,22): warning C4244: '=': conversión de 'double' a 'GLfloat'; posible pérdida de datos
C:\Users\jack1\OneDrive\Desktop\320229594_PROYECTOFINALTEORIA2026-1_GPO05\ProyectoFinal\Window.cpp(151,22): warning C4244: '=': conversión de 'double' a 'GLfloat'; posible pérdida de datos
C:\Users\jack1\OneDrive\Desktop\320229594_PROYECTOFINALTEORIA2026-1_GPO05\ProyectoFinal\Window.cpp(155,28): warning C4244: '=': conversión de 'double' a 'GLfloat'; posible pérdida de datos
C:\Users\jack1\OneDrive\Desktop\320229594_PROYECTOFINALTEORIA2026-1_GPO05\ProyectoFinal\Window.cpp(156,40): warning C4244: '=': conversión de 'double' a 'GLfloat'; posible pérdida de datos
C:\Users\jack1\OneDrive\Desktop\320229594_PROYECTOFINALTEORIA2026-1_GPO05\ProyectoFinal\Window.cpp(158,21): warning C4244: '=': conversión de 'double' a 'GLfloat'; posible pérdida de datos
C:\Users\jack1\OneDrive\Desktop\320229594_PROYECTOFINALTEORIA2026-1_GPO05\ProyectoFinal\Window.cpp(159,21): warning C4244: '=': conversión de 'double' a 'GLfloat'; posible pérdida de datos
  Generando código...
C:\Users\jack1\OneDrive\Desktop\320229594_PROYECTOFINALTEORIA2026-1_GPO05\ProyectoFinal\Window.cpp(83,1): warning C4715: 'Window::Initialise': no todas las rutas de acceso de control devuelven un valor
LINK : warning LNK4098: la biblioteca predeterminada'MSVCRT' entra en conflicto con otras bibliotecas; use la biblioteca /NODEFAULTLIB:biblioteca
  ProyectoFinal.vcxproj -> C:\Users\jack1\OneDrive\Desktop\320229594_PROYECTOFINALTEORIA2026-1_GPO05\x64\Debug\ProyectoFinal.exe
