C:\Program Files\Microsoft Visual Studio\2022\Community\MSBuild\Microsoft\VC\v170\Microsoft.CppBuild.targets(538,5): warning MSB8028: El directorio intermedio (x64\Release\) contiene archivos compartidos de otro proyecto (P08-320229594.vcxproj). Esto puede dar lugar a un comportamiento incorrecto de limpieza y recompilación.
  E09-320229594.cpp
C:\Users\jack1\OneDrive\Desktop\7mo Semestre\Lab. Computación Gráfica e Interacción Humano-Computadora\Prácticas\practicas\E09-320229594\Window.h(12,36): warning C4244: 'return': conversión de 'GLint' a 'GLfloat'; posible pérdida de datos
  (compilando archivo de origen "E09-320229594.cpp")
  
C:\Users\jack1\OneDrive\Desktop\7mo Semestre\Lab. Computación Gráfica e Interacción Humano-Computadora\Prácticas\practicas\E09-320229594\Window.h(13,37): warning C4244: 'return': conversión de 'GLint' a 'GLfloat'; posible pérdida de datos
  (compilando archivo de origen "E09-320229594.cpp")
  
C:\Users\jack1\OneDrive\Desktop\7mo Semestre\Lab. Computación Gráfica e Interacción Humano-Computadora\Prácticas\practicas\E09-320229594\E09-320229594.cpp(134,24): warning C4267: 'inicializando': conversión de 'size_t' a 'unsigned int'; posible pérdida de datos
C:\Users\jack1\OneDrive\Desktop\7mo Semestre\Lab. Computación Gráfica e Interacción Humano-Computadora\Prácticas\practicas\E09-320229594\E09-320229594.cpp(386,15): warning C4244: 'inicializando': conversión de 'double' a 'GLfloat'; posible pérdida de datos
C:\Users\jack1\OneDrive\Desktop\7mo Semestre\Lab. Computación Gráfica e Interacción Humano-Computadora\Prácticas\practicas\E09-320229594\E09-320229594.cpp(388,33): warning C4244: '+=': conversión de 'double' a 'GLfloat'; posible pérdida de datos
C:\Users\jack1\OneDrive\Desktop\7mo Semestre\Lab. Computación Gráfica e Interacción Humano-Computadora\Prácticas\practicas\E09-320229594\E09-320229594.cpp(613,21): warning C4305: '+=': truncamiento de 'double' a 'float'
C:\Users\jack1\OneDrive\Desktop\7mo Semestre\Lab. Computación Gráfica e Interacción Humano-Computadora\Prácticas\practicas\E09-320229594\E09-320229594.cpp(691,21): warning C4305: '=': truncamiento de 'double' a 'float'
C:\Users\jack1\OneDrive\Desktop\7mo Semestre\Lab. Computación Gráfica e Interacción Humano-Computadora\Prácticas\practicas\E09-320229594\E09-320229594.cpp(713,27): warning C4305: '+=': truncamiento de 'double' a 'float'
C:\Users\jack1\OneDrive\Desktop\7mo Semestre\Lab. Computación Gráfica e Interacción Humano-Computadora\Prácticas\practicas\E09-320229594\E09-320229594.cpp(726,21): warning C4305: '=': truncamiento de 'double' a 'float'
C:\Users\jack1\OneDrive\Desktop\7mo Semestre\Lab. Computación Gráfica e Interacción Humano-Computadora\Prácticas\practicas\E09-320229594\E09-320229594.cpp(731,22): warning C4305: '-=': truncamiento de 'double' a 'float'
  Generando código
  Previous IPDB and IOBJ mismatch, fall back to full compilation.
C:\Users\jack1\OneDrive\Desktop\7mo Semestre\Lab. Computación Gráfica e Interacción Humano-Computadora\Prácticas\practicas\E09-320229594\Window.cpp(85): warning C4715: 'Window::Initialise': no todas las rutas de acceso de control devuelven un valor
  All 927 functions were compiled because no usable IPDB/IOBJ from previous compilation was found.
  Generación de código finalizada
  E09-320229594.vcxproj -> C:\Users\jack1\OneDrive\Desktop\7mo Semestre\Lab. Computación Gráfica e Interacción Humano-Computadora\Prácticas\practicas\x64\Release\E09-320229594.exe
