  P08-320229594.cpp
C:\Users\jack1\OneDrive\Desktop\7mo Semestre\Lab. Computación Gráfica e Interacción Humano-Computadora\Prácticas\practicas\P08-320229594\Window.h(12,36): warning C4244: 'return': conversión de 'GLint' a 'GLfloat'; posible pérdida de datos
  (compilando archivo de origen "P08-320229594.cpp")
  
C:\Users\jack1\OneDrive\Desktop\7mo Semestre\Lab. Computación Gráfica e Interacción Humano-Computadora\Prácticas\practicas\P08-320229594\Window.h(13,37): warning C4244: 'return': conversión de 'GLint' a 'GLfloat'; posible pérdida de datos
  (compilando archivo de origen "P08-320229594.cpp")
  
C:\Users\jack1\OneDrive\Desktop\7mo Semestre\Lab. Computación Gráfica e Interacción Humano-Computadora\Prácticas\practicas\P08-320229594\P08-320229594.cpp(116,24): warning C4267: 'inicializando': conversión de 'size_t' a 'unsigned int'; posible pérdida de datos
C:\Users\jack1\OneDrive\Desktop\7mo Semestre\Lab. Computación Gráfica e Interacción Humano-Computadora\Prácticas\practicas\P08-320229594\P08-320229594.cpp(222,20): warning C4305: 'inicializando': truncamiento de 'double' a 'GLfloat'
C:\Users\jack1\OneDrive\Desktop\7mo Semestre\Lab. Computación Gráfica e Interacción Humano-Computadora\Prácticas\practicas\P08-320229594\P08-320229594.cpp(222,29): warning C4305: 'inicializando': truncamiento de 'double' a 'GLfloat'
C:\Users\jack1\OneDrive\Desktop\7mo Semestre\Lab. Computación Gráfica e Interacción Humano-Computadora\Prácticas\practicas\P08-320229594\P08-320229594.cpp(223,19): warning C4305: 'inicializando': truncamiento de 'double' a 'GLfloat'
C:\Users\jack1\OneDrive\Desktop\7mo Semestre\Lab. Computación Gráfica e Interacción Humano-Computadora\Prácticas\practicas\P08-320229594\P08-320229594.cpp(224,20): warning C4305: 'inicializando': truncamiento de 'double' a 'GLfloat'
C:\Users\jack1\OneDrive\Desktop\7mo Semestre\Lab. Computación Gráfica e Interacción Humano-Computadora\Prácticas\practicas\P08-320229594\P08-320229594.cpp(224,28): warning C4305: 'inicializando': truncamiento de 'double' a 'GLfloat'
C:\Users\jack1\OneDrive\Desktop\7mo Semestre\Lab. Computación Gráfica e Interacción Humano-Computadora\Prácticas\practicas\P08-320229594\P08-320229594.cpp(227,20): warning C4305: 'inicializando': truncamiento de 'double' a 'GLfloat'
C:\Users\jack1\OneDrive\Desktop\7mo Semestre\Lab. Computación Gráfica e Interacción Humano-Computadora\Prácticas\practicas\P08-320229594\P08-320229594.cpp(227,29): warning C4305: 'inicializando': truncamiento de 'double' a 'GLfloat'
C:\Users\jack1\OneDrive\Desktop\7mo Semestre\Lab. Computación Gráfica e Interacción Humano-Computadora\Prácticas\practicas\P08-320229594\P08-320229594.cpp(228,20): warning C4305: 'inicializando': truncamiento de 'double' a 'GLfloat'
C:\Users\jack1\OneDrive\Desktop\7mo Semestre\Lab. Computación Gráfica e Interacción Humano-Computadora\Prácticas\practicas\P08-320229594\P08-320229594.cpp(228,29): warning C4305: 'inicializando': truncamiento de 'double' a 'GLfloat'
C:\Users\jack1\OneDrive\Desktop\7mo Semestre\Lab. Computación Gráfica e Interacción Humano-Computadora\Prácticas\practicas\P08-320229594\P08-320229594.cpp(229,26): warning C4305: 'inicializando': truncamiento de 'double' a 'GLfloat'
C:\Users\jack1\OneDrive\Desktop\7mo Semestre\Lab. Computación Gráfica e Interacción Humano-Computadora\Prácticas\practicas\P08-320229594\P08-320229594.cpp(232,20): warning C4305: 'inicializando': truncamiento de 'double' a 'GLfloat'
C:\Users\jack1\OneDrive\Desktop\7mo Semestre\Lab. Computación Gráfica e Interacción Humano-Computadora\Prácticas\practicas\P08-320229594\P08-320229594.cpp(232,29): warning C4305: 'inicializando': truncamiento de 'double' a 'GLfloat'
C:\Users\jack1\OneDrive\Desktop\7mo Semestre\Lab. Computación Gráfica e Interacción Humano-Computadora\Prácticas\practicas\P08-320229594\P08-320229594.cpp(233,19): warning C4305: 'inicializando': truncamiento de 'double' a 'GLfloat'
C:\Users\jack1\OneDrive\Desktop\7mo Semestre\Lab. Computación Gráfica e Interacción Humano-Computadora\Prácticas\practicas\P08-320229594\P08-320229594.cpp(234,20): warning C4305: 'inicializando': truncamiento de 'double' a 'GLfloat'
C:\Users\jack1\OneDrive\Desktop\7mo Semestre\Lab. Computación Gráfica e Interacción Humano-Computadora\Prácticas\practicas\P08-320229594\P08-320229594.cpp(234,29): warning C4305: 'inicializando': truncamiento de 'double' a 'GLfloat'
C:\Users\jack1\OneDrive\Desktop\7mo Semestre\Lab. Computación Gráfica e Interacción Humano-Computadora\Prácticas\practicas\P08-320229594\P08-320229594.cpp(237,20): warning C4305: 'inicializando': truncamiento de 'double' a 'GLfloat'
C:\Users\jack1\OneDrive\Desktop\7mo Semestre\Lab. Computación Gráfica e Interacción Humano-Computadora\Prácticas\practicas\P08-320229594\P08-320229594.cpp(237,29): warning C4305: 'inicializando': truncamiento de 'double' a 'GLfloat'
C:\Users\jack1\OneDrive\Desktop\7mo Semestre\Lab. Computación Gráfica e Interacción Humano-Computadora\Prácticas\practicas\P08-320229594\P08-320229594.cpp(238,20): warning C4305: 'inicializando': truncamiento de 'double' a 'GLfloat'
C:\Users\jack1\OneDrive\Desktop\7mo Semestre\Lab. Computación Gráfica e Interacción Humano-Computadora\Prácticas\practicas\P08-320229594\P08-320229594.cpp(238,29): warning C4305: 'inicializando': truncamiento de 'double' a 'GLfloat'
C:\Users\jack1\OneDrive\Desktop\7mo Semestre\Lab. Computación Gráfica e Interacción Humano-Computadora\Prácticas\practicas\P08-320229594\P08-320229594.cpp(239,20): warning C4305: 'inicializando': truncamiento de 'double' a 'GLfloat'
C:\Users\jack1\OneDrive\Desktop\7mo Semestre\Lab. Computación Gráfica e Interacción Humano-Computadora\Prácticas\practicas\P08-320229594\P08-320229594.cpp(239,29): warning C4305: 'inicializando': truncamiento de 'double' a 'GLfloat'
C:\Users\jack1\OneDrive\Desktop\7mo Semestre\Lab. Computación Gráfica e Interacción Humano-Computadora\Prácticas\practicas\P08-320229594\P08-320229594.cpp(242,20): warning C4305: 'inicializando': truncamiento de 'double' a 'GLfloat'
C:\Users\jack1\OneDrive\Desktop\7mo Semestre\Lab. Computación Gráfica e Interacción Humano-Computadora\Prácticas\practicas\P08-320229594\P08-320229594.cpp(242,29): warning C4305: 'inicializando': truncamiento de 'double' a 'GLfloat'
C:\Users\jack1\OneDrive\Desktop\7mo Semestre\Lab. Computación Gráfica e Interacción Humano-Computadora\Prácticas\practicas\P08-320229594\P08-320229594.cpp(244,26): warning C4305: 'inicializando': truncamiento de 'double' a 'GLfloat'
C:\Users\jack1\OneDrive\Desktop\7mo Semestre\Lab. Computación Gráfica e Interacción Humano-Computadora\Prácticas\practicas\P08-320229594\P08-320229594.cpp(248,20): warning C4305: 'inicializando': truncamiento de 'double' a 'GLfloat'
C:\Users\jack1\OneDrive\Desktop\7mo Semestre\Lab. Computación Gráfica e Interacción Humano-Computadora\Prácticas\practicas\P08-320229594\P08-320229594.cpp(248,29): warning C4305: 'inicializando': truncamiento de 'double' a 'GLfloat'
C:\Users\jack1\OneDrive\Desktop\7mo Semestre\Lab. Computación Gráfica e Interacción Humano-Computadora\Prácticas\practicas\P08-320229594\P08-320229594.cpp(249,25): warning C4305: 'inicializando': truncamiento de 'double' a 'GLfloat'
C:\Users\jack1\OneDrive\Desktop\7mo Semestre\Lab. Computación Gráfica e Interacción Humano-Computadora\Prácticas\practicas\P08-320229594\P08-320229594.cpp(250,20): warning C4305: 'inicializando': truncamiento de 'double' a 'GLfloat'
C:\Users\jack1\OneDrive\Desktop\7mo Semestre\Lab. Computación Gráfica e Interacción Humano-Computadora\Prácticas\practicas\P08-320229594\P08-320229594.cpp(250,29): warning C4305: 'inicializando': truncamiento de 'double' a 'GLfloat'
C:\Users\jack1\OneDrive\Desktop\7mo Semestre\Lab. Computación Gráfica e Interacción Humano-Computadora\Prácticas\practicas\P08-320229594\P08-320229594.cpp(252,20): warning C4305: 'inicializando': truncamiento de 'double' a 'GLfloat'
C:\Users\jack1\OneDrive\Desktop\7mo Semestre\Lab. Computación Gráfica e Interacción Humano-Computadora\Prácticas\practicas\P08-320229594\P08-320229594.cpp(252,29): warning C4305: 'inicializando': truncamiento de 'double' a 'GLfloat'
C:\Users\jack1\OneDrive\Desktop\7mo Semestre\Lab. Computación Gráfica e Interacción Humano-Computadora\Prácticas\practicas\P08-320229594\P08-320229594.cpp(253,20): warning C4305: 'inicializando': truncamiento de 'double' a 'GLfloat'
C:\Users\jack1\OneDrive\Desktop\7mo Semestre\Lab. Computación Gráfica e Interacción Humano-Computadora\Prácticas\practicas\P08-320229594\P08-320229594.cpp(253,29): warning C4305: 'inicializando': truncamiento de 'double' a 'GLfloat'
C:\Users\jack1\OneDrive\Desktop\7mo Semestre\Lab. Computación Gráfica e Interacción Humano-Computadora\Prácticas\practicas\P08-320229594\P08-320229594.cpp(254,20): warning C4305: 'inicializando': truncamiento de 'double' a 'GLfloat'
C:\Users\jack1\OneDrive\Desktop\7mo Semestre\Lab. Computación Gráfica e Interacción Humano-Computadora\Prácticas\practicas\P08-320229594\P08-320229594.cpp(257,20): warning C4305: 'inicializando': truncamiento de 'double' a 'GLfloat'
C:\Users\jack1\OneDrive\Desktop\7mo Semestre\Lab. Computación Gráfica e Interacción Humano-Computadora\Prácticas\practicas\P08-320229594\P08-320229594.cpp(257,29): warning C4305: 'inicializando': truncamiento de 'double' a 'GLfloat'
C:\Users\jack1\OneDrive\Desktop\7mo Semestre\Lab. Computación Gráfica e Interacción Humano-Computadora\Prácticas\practicas\P08-320229594\P08-320229594.cpp(258,20): warning C4305: 'inicializando': truncamiento de 'double' a 'GLfloat'
C:\Users\jack1\OneDrive\Desktop\7mo Semestre\Lab. Computación Gráfica e Interacción Humano-Computadora\Prácticas\practicas\P08-320229594\P08-320229594.cpp(258,29): warning C4305: 'inicializando': truncamiento de 'double' a 'GLfloat'
C:\Users\jack1\OneDrive\Desktop\7mo Semestre\Lab. Computación Gráfica e Interacción Humano-Computadora\Prácticas\practicas\P08-320229594\P08-320229594.cpp(259,20): warning C4305: 'inicializando': truncamiento de 'double' a 'GLfloat'
C:\Users\jack1\OneDrive\Desktop\7mo Semestre\Lab. Computación Gráfica e Interacción Humano-Computadora\Prácticas\practicas\P08-320229594\P08-320229594.cpp(259,29): warning C4305: 'inicializando': truncamiento de 'double' a 'GLfloat'
C:\Users\jack1\OneDrive\Desktop\7mo Semestre\Lab. Computación Gráfica e Interacción Humano-Computadora\Prácticas\practicas\P08-320229594\P08-320229594.cpp(420,15): warning C4244: 'inicializando': conversión de 'double' a 'GLfloat'; posible pérdida de datos
C:\Users\jack1\OneDrive\Desktop\7mo Semestre\Lab. Computación Gráfica e Interacción Humano-Computadora\Prácticas\practicas\P08-320229594\P08-320229594.cpp(422,33): warning C4244: '+=': conversión de 'double' a 'GLfloat'; posible pérdida de datos
  Generando código
  1 of 934 functions ( 0.1%) were compiled, the rest were copied from previous compilation.
    0 functions were new in current compilation
    7 functions had inline decision re-evaluated but remain unchanged
  Generación de código finalizada
  P08-320229594.vcxproj -> C:\Users\jack1\OneDrive\Desktop\7mo Semestre\Lab. Computación Gráfica e Interacción Humano-Computadora\Prácticas\practicas\x64\Release\P08-320229594.exe
