c:\users\jack1\onedrive\desktop\7mo semestre\lab. computación gráfica e interacción humano-computadora\prácticas\practicas\pfinal\x64\release\vc143.pdb
c:\users\jack1\onedrive\desktop\7mo semestre\lab. computación gráfica e interacción humano-computadora\prácticas\practicas\pfinal\x64\release\window.obj
c:\users\jack1\onedrive\desktop\7mo semestre\lab. computación gráfica e interacción humano-computadora\prácticas\practicas\pfinal\x64\release\texture.obj
c:\users\jack1\onedrive\desktop\7mo semestre\lab. computación gráfica e interacción humano-computadora\prácticas\practicas\pfinal\x64\release\spotlight.obj
c:\users\jack1\onedrive\desktop\7mo semestre\lab. computación gráfica e interacción humano-computadora\prácticas\practicas\pfinal\x64\release\sphere.obj
c:\users\jack1\onedrive\desktop\7mo semestre\lab. computación gráfica e interacción humano-computadora\prácticas\practicas\pfinal\x64\release\skybox.obj
c:\users\jack1\onedrive\desktop\7mo semestre\lab. computación gráfica e interacción humano-computadora\prácticas\practicas\pfinal\x64\release\shader_light.obj
c:\users\jack1\onedrive\desktop\7mo semestre\lab. computación gráfica e interacción humano-computadora\prácticas\practicas\pfinal\x64\release\pointlight.obj
c:\users\jack1\onedrive\desktop\7mo semestre\lab. computación gráfica e interacción humano-computadora\prácticas\practicas\pfinal\x64\release\pfinal.obj
c:\users\jack1\onedrive\desktop\7mo semestre\lab. computación gráfica e interacción humano-computadora\prácticas\practicas\pfinal\x64\release\model.obj
c:\users\jack1\onedrive\desktop\7mo semestre\lab. computación gráfica e interacción humano-computadora\prácticas\practicas\pfinal\x64\release\mesh_tn.obj
c:\users\jack1\onedrive\desktop\7mo semestre\lab. computación gráfica e interacción humano-computadora\prácticas\practicas\pfinal\x64\release\material.obj
c:\users\jack1\onedrive\desktop\7mo semestre\lab. computación gráfica e interacción humano-computadora\prácticas\practicas\pfinal\x64\release\light.obj
c:\users\jack1\onedrive\desktop\7mo semestre\lab. computación gráfica e interacción humano-computadora\prácticas\practicas\pfinal\x64\release\directionallight.obj
c:\users\jack1\onedrive\desktop\7mo semestre\lab. computación gráfica e interacción humano-computadora\prácticas\practicas\pfinal\x64\release\camera.obj
c:\users\jack1\onedrive\desktop\7mo semestre\lab. computación gráfica e interacción humano-computadora\prácticas\practicas\x64\release\pfinal.exe
c:\users\jack1\onedrive\desktop\7mo semestre\lab. computación gráfica e interacción humano-computadora\prácticas\practicas\x64\release\pfinal.pdb
c:\users\jack1\onedrive\desktop\7mo semestre\lab. computación gráfica e interacción humano-computadora\prácticas\practicas\pfinal\x64\release\pfinal.ipdb
c:\users\jack1\onedrive\desktop\7mo semestre\lab. computación gráfica e interacción humano-computadora\prácticas\practicas\pfinal\x64\release\pfinal.iobj
c:\users\jack1\onedrive\desktop\7mo semestre\lab. computación gráfica e interacción humano-computadora\prácticas\practicas\pfinal\x64\release\e09-320229594.obj
c:\users\jack1\onedrive\desktop\7mo semestre\lab. computación gráfica e interacción humano-computadora\prácticas\practicas\pfinal\x64\release\p08-320229594.obj
c:\users\jack1\onedrive\desktop\7mo semestre\lab. computación gráfica e interacción humano-computadora\prácticas\practicas\pfinal\x64\release\p09-320229594.obj
c:\users\jack1\onedrive\desktop\7mo semestre\lab. computación gráfica e interacción humano-computadora\prácticas\practicas\pfinal\x64\release\practica7.obj
c:\users\jack1\onedrive\desktop\7mo semestre\lab. computación gráfica e interacción humano-computadora\prácticas\practicas\pfinal\x64\release\practica9full.obj
c:\users\jack1\onedrive\desktop\7mo semestre\lab. computación gráfica e interacción humano-computadora\prácticas\practicas\pfinal\x64\release\e09-320229594.ipdb
c:\users\jack1\onedrive\desktop\7mo semestre\lab. computación gráfica e interacción humano-computadora\prácticas\practicas\pfinal\x64\release\p08-320229594.ipdb
c:\users\jack1\onedrive\desktop\7mo semestre\lab. computación gráfica e interacción humano-computadora\prácticas\practicas\pfinal\x64\release\p09-320229594.ipdb
c:\users\jack1\onedrive\desktop\7mo semestre\lab. computación gráfica e interacción humano-computadora\prácticas\practicas\pfinal\x64\release\e09-320229594.iobj
c:\users\jack1\onedrive\desktop\7mo semestre\lab. computación gráfica e interacción humano-computadora\prácticas\practicas\pfinal\x64\release\p08-320229594.iobj
c:\users\jack1\onedrive\desktop\7mo semestre\lab. computación gráfica e interacción humano-computadora\prácticas\practicas\pfinal\x64\release\p09-320229594.iobj
c:\users\jack1\onedrive\desktop\7mo semestre\lab. computación gráfica e interacción humano-computadora\prácticas\practicas\pfinal\x64\release\pfinal.tlog\cl.command.1.tlog
c:\users\jack1\onedrive\desktop\7mo semestre\lab. computación gráfica e interacción humano-computadora\prácticas\practicas\pfinal\x64\release\pfinal.tlog\cl.items.tlog
c:\users\jack1\onedrive\desktop\7mo semestre\lab. computación gráfica e interacción humano-computadora\prácticas\practicas\pfinal\x64\release\pfinal.tlog\cl.read.1.tlog
c:\users\jack1\onedrive\desktop\7mo semestre\lab. computación gráfica e interacción humano-computadora\prácticas\practicas\pfinal\x64\release\pfinal.tlog\cl.write.1.tlog
c:\users\jack1\onedrive\desktop\7mo semestre\lab. computación gráfica e interacción humano-computadora\prácticas\practicas\pfinal\x64\release\pfinal.tlog\link.command.1.tlog
c:\users\jack1\onedrive\desktop\7mo semestre\lab. computación gráfica e interacción humano-computadora\prácticas\practicas\pfinal\x64\release\pfinal.tlog\link.read.1.tlog
c:\users\jack1\onedrive\desktop\7mo semestre\lab. computación gráfica e interacción humano-computadora\prácticas\practicas\pfinal\x64\release\pfinal.tlog\link.secondary.1.tlog
c:\users\jack1\onedrive\desktop\7mo semestre\lab. computación gráfica e interacción humano-computadora\prácticas\practicas\pfinal\x64\release\pfinal.tlog\link.write.1.tlog
